<?xml version="1.0" encoding="UTF-8"?>
<!-- Generated by org.testng.reporters.JUnitXMLReporter -->
<testsuite hostname="Divya-Gupta" ignored="0" name="Test" tests="7" failures="0" timestamp="24 Feb 2017 07:04:26 GMT" time="8.612" errors="0">
  <testcase name="testcarPageLogo" time="0.141" classname="com.kayak.testpages.CarsPageTest"/>
  <testcase name="testdropOff" time="0.563" classname="com.kayak.testpages.CarsPageTest"/>
  <testcase name="testdropOffTime" time="0.379" classname="com.kayak.testpages.CarsPageTest"/>
  <testcase name="testpickUp" time="0.458" classname="com.kayak.testpages.CarsPageTest"/>
  <testcase name="testpickUpTime" time="0.403" classname="com.kayak.testpages.CarsPageTest"/>
  <testcase name="testsearchbutton" time="0.116" classname="com.kayak.testpages.CarsPageTest"/>
  <testcase name="testwhereTextBox" time="0.199" classname="com.kayak.testpages.CarsPageTest"/>
</testsuite> <!-- Test -->
