<?xml version="1.0" encoding="UTF-8"?>
<!-- Generated by org.testng.reporters.JUnitXMLReporter -->
<testsuite hostname="Divya-Gupta" ignored="0" name="Test" tests="5" failures="0" timestamp="24 Feb 2017 06:59:40 GMT" time="7.341" errors="0">
  <testcase name="testfbORgooglelogin" time="4.886" classname="com.kayak.testpages.LoginPageTest"/>
  <testcase name="testKayakLogin" time="0.0" classname="com.kayak.testpages.LoginPageTest"/>
  <testcase name="testKayakLogin" time="0.0" classname="com.kayak.testpages.LoginPageTest"/>
  <testcase name="testKayakLogin" time="0.0" classname="com.kayak.testpages.LoginPageTest"/>
  <testcase name="testKayakLogin" time="0.0" classname="com.kayak.testpages.LoginPageTest"/>
</testsuite> <!-- Test -->
