<?xml version="1.0" encoding="UTF-8"?>
<!-- Generated by org.testng.reporters.JUnitXMLReporter -->
<testsuite hostname="Divya-Gupta" ignored="0" name="Test" tests="6" failures="0" timestamp="24 Feb 2017 07:03:39 GMT" time="3.153" errors="0">
  <testcase name="testCheckIn" time="0.833" classname="com.kayak.testpages.HomePageTest"/>
  <testcase name="testCheckOut" time="0.372" classname="com.kayak.testpages.HomePageTest"/>
  <testcase name="testHomePageLogo" time="0.146" classname="com.kayak.testpages.HomePageTest"/>
  <testcase name="testWhere" time="0.119" classname="com.kayak.testpages.HomePageTest"/>
  <testcase name="testcheckRoomGuest" time="0.449" classname="com.kayak.testpages.HomePageTest"/>
  <testcase name="testsearchbutton" time="1.19" classname="com.kayak.testpages.HomePageTest"/>
</testsuite> <!-- Test -->
