<?xml version="1.0" encoding="UTF-8"?>
<!-- Generated by org.testng.reporters.JUnitXMLReporter -->
<testsuite hostname="Divya-Gupta" ignored="0" name="Test" tests="4" failures="0" timestamp="24 Jan 2017 08:29:55 GMT" time="5.892" errors="0">
  <testcase name="testlogin" time="0.724" classname="com.div.TestPage.LoginPageTest"/>
  <testcase name="testlogin" time="0.756" classname="com.div.TestPage.LoginPageTest"/>
  <testcase name="testlogin" time="0.927" classname="com.div.TestPage.LoginPageTest"/>
  <testcase name="testlogin" time="0.919" classname="com.div.TestPage.LoginPageTest"/>
</testsuite> <!-- Test -->
