<?xml version="1.0" encoding="UTF-8"?>
<!-- Generated by org.testng.reporters.JUnitXMLReporter -->
<testsuite hostname="Divya-Gupta" ignored="0" name="Default test" tests="5" failures="0" timestamp="24 Feb 2017 07:01:57 GMT" time="6.643" errors="0">
  <testcase name="testfbORgooglelogin" time="0.014" classname="com.kayak.testpages.LoginPageTest"/>
  <testcase name="testKayakLogin" time="1.625" classname="com.kayak.testpages.LoginPageTest"/>
  <testcase name="testKayakLogin" time="0.562" classname="com.kayak.testpages.LoginPageTest"/>
  <testcase name="testKayakLogin" time="0.7" classname="com.kayak.testpages.LoginPageTest"/>
  <testcase name="testKayakLogin" time="0.894" classname="com.kayak.testpages.LoginPageTest"/>
</testsuite> <!-- Default test -->
