<?xml version="1.0" encoding="UTF-8"?>
<!-- Generated by org.testng.reporters.JUnitXMLReporter -->
<testsuite hostname="Divya-Gupta" ignored="0" name="Test" tests="3" failures="0" timestamp="24 Feb 2017 07:03:22 GMT" time="1.369" errors="0">
  <testcase name="testKayakOptions" time="0.517" classname="com.kayak.testpages.CommonPageTest"/>
  <testcase name="testkayakLogo" time="0.223" classname="com.kayak.testpages.CommonPageTest"/>
  <testcase name="testmoreOptions" time="0.586" classname="com.kayak.testpages.CommonPageTest"/>
</testsuite> <!-- Test -->
