<?xml version="1.0" encoding="UTF-8"?>
<!-- Generated by org.testng.reporters.JUnitXMLReporter -->
<testsuite hostname="Divya-Gupta" ignored="0" name="Test" tests="7" failures="0" timestamp="24 Feb 2017 07:00:27 GMT" time="8.175" errors="0">
  <testcase name="testdepartDate" time="5.211" classname="com.kayak.testpages.PackagesPageTest"/>
  <testcase name="testdestinationTextBox" time="0.088" classname="com.kayak.testpages.PackagesPageTest"/>
  <testcase name="testfromTextBox" time="0.125" classname="com.kayak.testpages.PackagesPageTest"/>
  <testcase name="testpackagePageLogo" time="0.154" classname="com.kayak.testpages.PackagesPageTest"/>
  <testcase name="testreturnDate" time="0.437" classname="com.kayak.testpages.PackagesPageTest"/>
  <testcase name="testtravelers" time="0.53" classname="com.kayak.testpages.PackagesPageTest"/>
  <testcase name="testsearchbutton" time="0.806" classname="com.kayak.testpages.PackagesPageTest"/>
</testsuite> <!-- Test -->
