<?xml version="1.0" encoding="UTF-8"?>
<!-- Generated by org.testng.reporters.JUnitXMLReporter -->
<testsuite hostname="Divya-Gupta" ignored="0" name="Test" tests="3" failures="0" timestamp="24 Feb 2017 06:59:00 GMT" time="1.138" errors="0">
  <testcase name="testKayakOptions" time="0.425" classname="com.kayak.testpages.CommonPageTest"/>
  <testcase name="testkayakLogo" time="0.137" classname="com.kayak.testpages.CommonPageTest"/>
  <testcase name="testmoreOptions" time="0.545" classname="com.kayak.testpages.CommonPageTest"/>
</testsuite> <!-- Test -->
