<?xml version="1.0" encoding="UTF-8"?>
<!-- Generated by org.testng.reporters.JUnitXMLReporter -->
<testsuite hostname="Divya-Gupta" ignored="0" name="Test" tests="5" failures="0" timestamp="24 Feb 2017 07:03:59 GMT" time="6.581" errors="0">
  <testcase name="testfbORgooglelogin" time="0.003" classname="com.kayak.testpages.LoginPageTest"/>
  <testcase name="testKayakLogin" time="1.462" classname="com.kayak.testpages.LoginPageTest"/>
  <testcase name="testKayakLogin" time="0.681" classname="com.kayak.testpages.LoginPageTest"/>
  <testcase name="testKayakLogin" time="0.861" classname="com.kayak.testpages.LoginPageTest"/>
  <testcase name="testKayakLogin" time="0.631" classname="com.kayak.testpages.LoginPageTest"/>
</testsuite> <!-- Test -->
