<?xml version="1.0" encoding="UTF-8"?>
<!-- Generated by org.testng.reporters.JUnitXMLReporter -->
<testsuite hostname="Divya-Gupta" ignored="0" name="Test" tests="7" failures="0" timestamp="24 Feb 2017 07:00:03 GMT" time="9.124" errors="0">
  <testcase name="testcarPageLogo" time="0.365" classname="com.kayak.testpages.CarsPageTest"/>
  <testcase name="testdropOff" time="0.636" classname="com.kayak.testpages.CarsPageTest"/>
  <testcase name="testdropOffTime" time="0.73" classname="com.kayak.testpages.CarsPageTest"/>
  <testcase name="testpickUp" time="0.419" classname="com.kayak.testpages.CarsPageTest"/>
  <testcase name="testpickUpTime" time="0.432" classname="com.kayak.testpages.CarsPageTest"/>
  <testcase name="testsearchbutton" time="0.139" classname="com.kayak.testpages.CarsPageTest"/>
  <testcase name="testwhereTextBox" time="0.119" classname="com.kayak.testpages.CarsPageTest"/>
</testsuite> <!-- Test -->
