<?xml version="1.0" encoding="UTF-8"?>
<!-- Generated by org.testng.reporters.JUnitXMLReporter -->
<testsuite hostname="Divya-Gupta" ignored="0" name="Test" tests="1" failures="1" timestamp="24 Jan 2017 08:24:11 GMT" time="1.977" errors="0">
  <testcase name="testlogin" time="0.0" classname="com.div.TestPage.LoginPageTest">
    <failure type="org.testng.TestNGException" message="
Data Provider public java.lang.Object[][] com.div.TestPage.LoginPageTest.testdata() must return either Object[][] or Iterator&amp;lt;Object&amp;gt;[], not class [[Ljava.lang.Object;">
      <![CDATA[org.testng.TestNGException: 
Data Provider public java.lang.Object[][] com.div.TestPage.LoginPageTest.testdata() must return either Object[][] or Iterator<Object>[], not class [[Ljava.lang.Object;
... Removed 23 stack frames]]>
    </failure>
  </testcase> <!-- testlogin -->
</testsuite> <!-- Test -->
