<?xml version="1.0" encoding="UTF-8"?>
<testsuite xmlns:xsi="http://www.w3.org/2001/XMLSchema-instance" xsi:schemaLocation="https://maven.apache.org/surefire/maven-surefire-plugin/xsd/surefire-test-report.xsd" name="TestSuite" time="110.857" tests="28" errors="0" skipped="0" failures="0">
  <properties>
[...]
</properties>
  <testcase name="testKayakOptions" classname="com.kayak.testpages.CommonPageTest" time="0.427"/>
  <testcase name="testkayakLogo" classname="com.kayak.testpages.CommonPageTest" time="0.131"/>
  <testcase name="testmoreOptions" classname="com.kayak.testpages.CommonPageTest" time="0.546"/>
  <testcase name="testCheckIn" classname="com.kayak.testpages.HomePageTest" time="0.94"/>
  <testcase name="testCheckOut" classname="com.kayak.testpages.HomePageTest" time="0.553"/>
  <testcase name="testHomePageLogo" classname="com.kayak.testpages.HomePageTest" time="0.24"/>
  <testcase name="testWhere" classname="com.kayak.testpages.HomePageTest" time="0.173"/>
  <testcase name="testcheckRoomGuest" classname="com.kayak.testpages.HomePageTest" time="0.571"/>
  <testcase name="testsearchbutton" classname="com.kayak.testpages.HomePageTest" time="1.255"/>
  <testcase name="testfbORgooglelogin" classname="com.kayak.testpages.LoginPageTest" time="4.88"/>
  <testcase name="testKayakLogin" classname="com.kayak.testpages.LoginPageTest" time="0.001"/>
  <testcase name="testKayakLogin" classname="com.kayak.testpages.LoginPageTest" time="0.001"/>
  <testcase name="testKayakLogin" classname="com.kayak.testpages.LoginPageTest" time="0"/>
  <testcase name="testKayakLogin" classname="com.kayak.testpages.LoginPageTest" time="0"/>
  <testcase name="testcarPageLogo" classname="com.kayak.testpages.CarsPageTest" time="0.365"/>
  <testcase name="testdropOff" classname="com.kayak.testpages.CarsPageTest" time="0.633"/>
  <testcase name="testdropOffTime" classname="com.kayak.testpages.CarsPageTest" time="0.729"/>
  <testcase name="testpickUp" classname="com.kayak.testpages.CarsPageTest" time="0.419"/>
  <testcase name="testpickUpTime" classname="com.kayak.testpages.CarsPageTest" time="0.486"/>
  <testcase name="testsearchbutton" classname="com.kayak.testpages.CarsPageTest" time="0.09"/>
  <testcase name="testwhereTextBox" classname="com.kayak.testpages.CarsPageTest" time="0.118"/>
  <testcase name="testdepartDate" classname="com.kayak.testpages.PackagesPageTest" time="5.21"/>
  <testcase name="testdestinationTextBox" classname="com.kayak.testpages.PackagesPageTest" time="0.087"/>
  <testcase name="testfromTextBox" classname="com.kayak.testpages.PackagesPageTest" time="0.136"/>
  <testcase name="testpackagePageLogo" classname="com.kayak.testpages.PackagesPageTest" time="0.142"/>
  <testcase name="testreturnDate" classname="com.kayak.testpages.PackagesPageTest" time="0.437"/>
  <testcase name="testtravelers" classname="com.kayak.testpages.PackagesPageTest" time="0.53"/>
  <testcase name="testsearchbutton" classname="com.kayak.testpages.PackagesPageTest" time="0.823"/>
</testsuite>