<?xml version="1.0" encoding="UTF-8"?>
<!-- Generated by org.testng.reporters.JUnitXMLReporter -->
<testsuite hostname="Divya-Gupta" ignored="0" name="Test" tests="7" failures="0" timestamp="24 Feb 2017 07:04:48 GMT" time="8.589" errors="0">
  <testcase name="testdepartDate" time="5.763" classname="com.kayak.testpages.PackagesPageTest"/>
  <testcase name="testdestinationTextBox" time="0.115" classname="com.kayak.testpages.PackagesPageTest"/>
  <testcase name="testfromTextBox" time="0.101" classname="com.kayak.testpages.PackagesPageTest"/>
  <testcase name="testpackagePageLogo" time="0.149" classname="com.kayak.testpages.PackagesPageTest"/>
  <testcase name="testreturnDate" time="0.434" classname="com.kayak.testpages.PackagesPageTest"/>
  <testcase name="testtravelers" time="0.503" classname="com.kayak.testpages.PackagesPageTest"/>
  <testcase name="testsearchbutton" time="0.672" classname="com.kayak.testpages.PackagesPageTest"/>
</testsuite> <!-- Test -->
