<?xml version="1.0" encoding="UTF-8"?>
<!-- Generated by org.testng.reporters.JUnitXMLReporter -->
<testsuite hostname="Divya-Gupta" ignored="0" name="Test" tests="6" failures="0" timestamp="24 Feb 2017 06:59:18 GMT" time="3.764" errors="0">
  <testcase name="testCheckIn" time="0.941" classname="com.kayak.testpages.HomePageTest"/>
  <testcase name="testCheckOut" time="0.548" classname="com.kayak.testpages.HomePageTest"/>
  <testcase name="testHomePageLogo" time="0.244" classname="com.kayak.testpages.HomePageTest"/>
  <testcase name="testWhere" time="0.178" classname="com.kayak.testpages.HomePageTest"/>
  <testcase name="testcheckRoomGuest" time="0.575" classname="com.kayak.testpages.HomePageTest"/>
  <testcase name="testsearchbutton" time="1.254" classname="com.kayak.testpages.HomePageTest"/>
</testsuite> <!-- Test -->
